
Showing logs for build [32mcb-kubecd-environment-pr-193-73-cwqj7-1[0m stage [32mfrom-build-pack[0m and container [32mstep-credential-initializer-cj62h[0m
{"level":"warn","ts":1585970954.612258,"logger":"fallback-logger","caller":"logging/config.go:69","msg":"Fetch GitHub commit ID from kodata failed: \"ref: refs/heads/0.8.0-**-support-backwards-incompats\" is not a valid GitHub commit ID"}
{"level":"info","ts":1585970954.6129775,"logger":"fallback-logger","caller":"creds-init/main.go:40","msg":"Credentials initialized."}

Showing logs for build [32mcb-kubecd-environment-pr-193-73-cwqj7-1[0m stage [32mfrom-build-pack[0m and container [32mstep-working-dir-initializer-l2gps[0m
{"level":"warn","ts":1585970955.0482798,"logger":"fallback-logger","caller":"logging/config.go:69","msg":"Fetch GitHub commit ID from kodata failed: open /var/run/ko/HEAD: no such file or directory"}
{"level":"info","ts":1585970955.0501473,"logger":"fallback-logger","caller":"bash/main.go:64","msg":"Successfully executed command \"sh -c mkdir -p /workspace/source\"; output "}

Showing logs for build [32mcb-kubecd-environment-pr-193-73-cwqj7-1[0m stage [32mfrom-build-pack[0m and container [32mstep-place-tools[0m

Showing logs for build [32mcb-kubecd-environment-pr-193-73-cwqj7-1[0m stage [32mfrom-build-pack[0m and container [32mstep-git-source-cb-kubecd-environment-pr-193-73-cwqj7-cpvd6[0m
{"level":"warn","ts":1585970959.1290274,"logger":"fallback-logger","caller":"logging/config.go:69","msg":"Fetch GitHub commit ID from kodata failed: \"ref: refs/heads/0.8.0-**-support-backwards-incompats\" is not a valid GitHub commit ID"}
{"level":"info","ts":1585970960.158688,"logger":"fallback-logger","caller":"git/git.go:103","msg":"Successfully cloned https://github.com/cb-kubecd/environment-pr-193-73-boot-gke-staging.git @ master in path /workspace/source"}

Showing logs for build [32mcb-kubecd-environment-pr-193-73-cwqj7-1[0m stage [32mfrom-build-pack[0m and container [32mstep-git-merge[0m
Using SHAs from PULL_REFS=master:6524ac789f5ec663f91c793ff38244009efd7b13,6:0f049f1262b4e0dc29d5b1fc5d3b664c2f79742d
DEBUG: LC_ALL=C JX_LOG_LEVEL=error git fetch origin --unshallow 0f049f1262b4e0dc29d5b1fc5d3b664c2f79742d: 6524ac789f5ec663f91c793ff38244009efd7b13:
DEBUG: ran git fetch --unshallow origin 0f049f1262b4e0dc29d5b1fc5d3b664c2f79742d: 6524ac789f5ec663f91c793ff38244009efd7b13: in 
DEBUG: LC_ALL=C JX_LOG_LEVEL=error git branch
DEBUG: LC_ALL=C JX_LOG_LEVEL=error git checkout master
DEBUG: ran git checkout master in 
DEBUG: LC_ALL=C JX_LOG_LEVEL=error git reset --hard 6524ac789f5ec663f91c793ff38244009efd7b13
DEBUG: ran git reset --hard 6524ac789f5ec663f91c793ff38244009efd7b13 in 
DEBUG: LC_ALL=C JX_LOG_LEVEL=error git clean -fd .
DEBUG: ran clean --force -d . in 
DEBUG: LC_ALL=C JX_LOG_LEVEL=error git merge 0f049f1262b4e0dc29d5b1fc5d3b664c2f79742d
DEBUG: ran git merge 0f049f1262b4e0dc29d5b1fc5d3b664c2f79742d in 
DEBUG: LC_ALL=C JX_LOG_LEVEL=error git log --format=%H%x1f%an%x1f%ae%x1f%cn%x1f%ce%x1f%s%n%b%x1e 6524ac789f5ec663f91c793ff38244009efd7b13..HEAD
Merged SHA 0f049f1262b4e0dc29d5b1fc5d3b664c2f79742d with commit message 'chore: Promote bdd-sbrp-import-1585970338 to version 0.0.1' into base branch master

Showing logs for build [32mcb-kubecd-environment-pr-193-73-cwqj7-1[0m stage [32mfrom-build-pack[0m and container [32mstep-build-helm-build[0m
WARNING: No $CHART_REPOSITORY defined so using the default value of: http://jenkins-x-chartmuseum:8080
Adding missing Helm repo: storage.googleapis.com https://storage.googleapis.com/chartmuseum.jenkins-x.io
WARNING: No secrets found on "helm/repos" due: reading the secret "helm/repos" from vault: no secret "helm/repos" not found in vault
Read credentials for https://storage.googleapis.com/chartmuseum.jenkins-x.io from vault helm/repos
Successfully added Helm repository storage.googleapis.com.
Adding missing Helm repo: jenkins-x-chartmuseum http://jenkins-x-chartmuseum:8080
WARNING: No secrets found on "helm/repos" due: reading the secret "helm/repos" from vault: no secret "helm/repos" not found in vault
Read credentials for http://jenkins-x-chartmuseum:8080 from vault helm/repos
Successfully added Helm repository jenkins-x-chartmuseum.
WARNING: No $CHART_REPOSITORY defined so using the default value of: http://jenkins-x-chartmuseum:8080
Adding missing Helm repo: chartmuseum.jenkins-x.io http://chartmuseum.jenkins-x.io
WARNING: No secrets found on "helm/repos" due: reading the secret "helm/repos" from vault: no secret "helm/repos" not found in vault
Read credentials for http://chartmuseum.jenkins-x.io from vault helm/repos
Successfully added Helm repository chartmuseum.jenkins-x.io.
